# JRE version: OpenJDK Runtime Environment (8.0_202) (build 1.8.0_202-release-1483-b49-5587405)
# Java VM: OpenJDK 64-Bit Server VM (25.202-b49-5587405 mixed mode linux-amd64 compressed oops)
Heap:
 PSYoungGen      total 216576K, used 5329K [0x00000000e0000000, 0x00000000ee780000, 0x0000000100000000)
  eden space 199680K, 0% used [0x00000000e0000000,0x00000000e0000000,0x00000000ec300000)
  from space 16896K, 31% used [0x00000000ec680000,0x00000000ecbb44a8,0x00000000ed700000)
  to   space 9728K, 0% used [0x00000000ede00000,0x00000000ede00000,0x00000000ee780000)
 ParOldGen       total 68096K, used 34826K [0x00000000a0000000, 0x00000000a4280000, 0x00000000e0000000)
  object space 68096K, 51% used [0x00000000a0000000,0x00000000a2202ab8,0x00000000a4280000)
 Metaspace       used 66286K, capacity 68190K, committed 68224K, reserved 1107968K
  class space    used 8880K, capacity 9342K, committed 9344K, reserved 1048576K
GC Heap History (10 events):
Event: 38.908 GC heap after
Heap after GC invocations=13 (full 2):
 PSYoungGen      total 131584K, used 12783K [0x00000000e0000000, 0x00000000eb600000, 0x0000000100000000)
  eden space 118784K, 0% used [0x00000000e0000000,0x00000000e0000000,0x00000000e7400000)
  from space 12800K, 99% used [0x00000000e7400000,0x00000000e807bdc8,0x00000000e8080000)
  to   space 15872K, 0% used [0x00000000ea680000,0x00000000ea680000,0x00000000eb600000)
 ParOldGen       total 48640K, used 21555K [0x00000000a0000000, 0x00000000a2f80000, 0x00000000e0000000)
  object space 48640K, 44% used [0x00000000a0000000,0x00000000a150cf48,0x00000000a2f80000)
 Metaspace       used 45489K, capacity 46560K, committed 46720K, reserved 1089536K
  class space    used 6149K, capacity 6455K, committed 6528K, reserved 1048576K
}
Event: 48.920 GC heap before
{Heap before GC invocations=14 (full 2):
 PSYoungGen      total 131584K, used 131567K [0x00000000e0000000, 0x00000000eb600000, 0x0000000100000000)
  eden space 118784K, 100% used [0x00000000e0000000,0x00000000e7400000,0x00000000e7400000)
  from space 12800K, 99% used [0x00000000e7400000,0x00000000e807bdc8,0x00000000e8080000)
  to   space 15872K, 0% used [0x00000000ea680000,0x00000000ea680000,0x00000000eb600000)
 ParOldGen       total 48640K, used 21555K [0x00000000a0000000, 0x00000000a2f80000, 0x00000000e0000000)
  object space 48640K, 44% used [0x00000000a0000000,0x00000000a150cf48,0x00000000a2f80000)
 Metaspace       used 56170K, capacity 57698K, committed 57984K, reserved 1099776K
  class space    used 7650K, capacity 8048K, committed 8064K, reserved 1048576K
Event: 49.080 GC heap after
Heap after GC invocations=14 (full 2):
 PSYoungGen      total 168960K, used 13416K [0x00000000e0000000, 0x00000000eb980000, 0x0000000100000000)
  eden space 153088K, 0% used [0x00000000e0000000,0x00000000e0000000,0x00000000e9580000)
  from space 15872K, 84% used [0x00000000ea680000,0x00000000eb39a2a8,0x00000000eb600000)
  to   space 17408K, 0% used [0x00000000e9580000,0x00000000e9580000,0x00000000ea680000)
 ParOldGen       total 48640K, used 29179K [0x00000000a0000000, 0x00000000a2f80000, 0x00000000e0000000)
  object space 48640K, 59% used [0x00000000a0000000,0x00000000a1c7ed60,0x00000000a2f80000)
 Metaspace       used 56170K, capacity 57698K, committed 57984K, reserved 1099776K
  class space    used 7650K, capacity 8048K, committed 8064K, reserved 1048576K
}
Event: 51.303 GC heap before
{Heap before GC invocations=15 (full 2):
 PSYoungGen      total 168960K, used 31332K [0x00000000e0000000, 0x00000000eb980000, 0x0000000100000000)
  eden space 153088K, 11% used [0x00000000e0000000,0x00000000e117efb8,0x00000000e9580000)
  from space 15872K, 84% used [0x00000000ea680000,0x00000000eb39a2a8,0x00000000eb600000)
  to   space 17408K, 0% used [0x00000000e9580000,0x00000000e9580000,0x00000000ea680000)
 ParOldGen       total 48640K, used 29179K [0x00000000a0000000, 0x00000000a2f80000, 0x00000000e0000000)
  object space 48640K, 59% used [0x00000000a0000000,0x00000000a1c7ed60,0x00000000a2f80000)
 Metaspace       used 57271K, capacity 58928K, committed 59096K, reserved 1099776K
  class space    used 7787K, capacity 8191K, committed 8192K, reserved 1048576K
Event: 51.415 GC heap after
Heap after GC invocations=15 (full 2):
 PSYoungGen      total 170496K, used 2032K [0x00000000e0000000, 0x00000000eef00000, 0x0000000100000000)
  eden space 153088K, 0% used [0x00000000e0000000,0x00000000e0000000,0x00000000e9580000)
  from space 17408K, 11% used [0x00000000e9580000,0x00000000e977c310,0x00000000ea680000)
  to   space 17408K, 0% used [0x00000000ede00000,0x00000000ede00000,0x00000000eef00000)
 ParOldGen       total 48640K, used 33960K [0x00000000a0000000, 0x00000000a2f80000, 0x00000000e0000000)
  object space 48640K, 69% used [0x00000000a0000000,0x00000000a212a3c8,0x00000000a2f80000)
 Metaspace       used 57271K, capacity 58928K, committed 59096K, reserved 1099776K
  class space    used 7787K, capacity 8191K, committed 8192K, reserved 1048576K
}
Event: 51.415 GC heap before
{Heap before GC invocations=16 (full 3):
 PSYoungGen      total 170496K, used 2032K [0x00000000e0000000, 0x00000000eef00000, 0x0000000100000000)
  eden space 153088K, 0% used [0x00000000e0000000,0x00000000e0000000,0x00000000e9580000)
  from space 17408K, 11% used [0x00000000e9580000,0x00000000e977c310,0x00000000ea680000)
  to   space 17408K, 0% used [0x00000000ede00000,0x00000000ede00000,0x00000000eef00000)
 ParOldGen       total 48640K, used 33960K [0x00000000a0000000, 0x00000000a2f80000, 0x00000000e0000000)
  object space 48640K, 69% used [0x00000000a0000000,0x00000000a212a3c8,0x00000000a2f80000)
 Metaspace       used 57271K, capacity 58928K, committed 59096K, reserved 1099776K
  class space    used 7787K, capacity 8191K, committed 8192K, reserved 1048576K
Event: 52.011 GC heap after
Heap after GC invocations=16 (full 3):
 PSYoungGen      total 170496K, used 0K [0x00000000e0000000, 0x00000000eef00000, 0x0000000100000000)
  eden space 153088K, 0% used [0x00000000e0000000,0x00000000e0000000,0x00000000e9580000)
  from space 17408K, 0% used [0x00000000e9580000,0x00000000e9580000,0x00000000ea680000)
  to   space 17408K, 0% used [0x00000000ede00000,0x00000000ede00000,0x00000000eef00000)
 ParOldGen       total 68096K, used 28461K [0x00000000a0000000, 0x00000000a4280000, 0x00000000e0000000)
  object space 68096K, 41% used [0x00000000a0000000,0x00000000a1bcb668,0x00000000a4280000)
 Metaspace       used 57271K, capacity 58928K, committed 59096K, reserved 1099776K
  class space    used 7787K, capacity 8191K, committed 8192K, reserved 1048576K
}
Event: 67.230 GC heap before
{Heap before GC invocations=17 (full 3):
 PSYoungGen      total 170496K, used 153088K [0x00000000e0000000, 0x00000000eef00000, 0x0000000100000000)
  eden space 153088K, 100% used [0x00000000e0000000,0x00000000e9580000,0x00000000e9580000)
  from space 17408K, 0% used [0x00000000e9580000,0x00000000e9580000,0x00000000ea680000)
  to   space 17408K, 0% used [0x00000000ede00000,0x00000000ede00000,0x00000000eef00000)
 ParOldGen       total 68096K, used 28461K [0x00000000a0000000, 0x00000000a4280000, 0x00000000e0000000)
  object space 68096K, 41% used [0x00000000a0000000,0x00000000a1bcb668,0x00000000a4280000)
 Metaspace       used 61019K, capacity 63046K, committed 63360K, reserved 1103872K
  class space    used 8278K, capacity 8758K, committed 8832K, reserved 1048576K
Event: 67.332 GC heap after
Heap after GC invocations=17 (full 3):
 PSYoungGen      total 209408K, used 9252K [0x00000000e0000000, 0x00000000ee780000, 0x0000000100000000)
  eden space 199680K, 0% used [0x00000000e0000000,0x00000000e0000000,0x00000000ec300000)
  from space 9728K, 95% used [0x00000000ede00000,0x00000000ee709100,0x00000000ee780000)
  to   space 16896K, 0% used [0x00000000ec680000,0x00000000ec680000,0x00000000ed700000)
 ParOldGen       total 68096K, used 28469K [0x00000000a0000000, 0x00000000a4280000, 0x00000000e0000000)
  object space 68096K, 41% used [0x00000000a0000000,0x00000000a1bcd668,0x00000000a4280000)
 Metaspace       used 61019K, capacity 63046K, committed 63360K, reserved 1103872K
  class space    used 8278K, capacity 8758K, committed 8832K, reserved 1048576K
}
Event: 81.602 GC heap before
{Heap before GC invocations=18 (full 3):
 PSYoungGen      total 209408K, used 208932K [0x00000000e0000000, 0x00000000ee780000, 0x0000000100000000)
  eden space 199680K, 100% used [0x00000000e0000000,0x00000000ec300000,0x00000000ec300000)
  from space 9728K, 95% used [0x00000000ede00000,0x00000000ee709100,0x00000000ee780000)
  to   space 16896K, 0% used [0x00000000ec680000,0x00000000ec680000,0x00000000ed700000)
 ParOldGen       total 68096K, used 28469K [0x00000000a0000000, 0x00000000a4280000, 0x00000000e0000000)
  object space 68096K, 41% used [0x00000000a0000000,0x00000000a1bcd668,0x00000000a4280000)
 Metaspace       used 66286K, capacity 68190K, committed 68224K, reserved 1107968K
  class space    used 8880K, capacity 9342K, committed 9344K, reserved 1048576K

